<?xml version="1.0" encoding="UTF-8"?>
<!-- Generated by org.testng.reporters.JUnitXMLReporter -->
<testsuite ignored="7" hostname="Rahma_Shahba" failures="1" tests="2" name="Check positive seniors For Adding " time="159.65" errors="0" timestamp="2025-10-28T22:46:30 EEST">
  <testcase classname="TCs.TC01_LoginOrangehrm" name="LoginWithvViledCredentials_P" time="51.735"/>
  <testcase classname="TCs.TC03_AddEmployee" name="verifyUserCanAddEmployeeSuccessfully" time="62.951">
    <failure type="org.openqa.selenium.ElementClickInterceptedException" message="element click intercepted: Element &amp;lt;button data-v-10d463b7=&amp;quot;&amp;quot; data-v-304890b0=&amp;quot;&amp;quot; type=&amp;quot;submit&amp;quot; class=&amp;quot;oxd-button oxd-button--medium oxd-button--secondary orangehrm-left-space&amp;quot;&amp;gt;...&amp;lt;/button&amp;gt; is not clickable at point (891, 515). Other element would receive the click: &amp;lt;div data-v-d5bfe35b=&amp;quot;&amp;quot; class=&amp;quot;oxd-form-loader&amp;quot;&amp;gt;...&amp;lt;/div&amp;gt;
  (Session info: chrome=141.0.7390.123)
Build info: version: &amp;apos;4.27.0&amp;apos;, revision: &amp;apos;d6e718d134&amp;apos;
System info: os.name: &amp;apos;Windows 11&amp;apos;, os.arch: &amp;apos;amd64&amp;apos;, os.version: &amp;apos;10.0&amp;apos;, java.version: &amp;apos;21.0.7&amp;apos;
Driver info: org.openqa.selenium.chrome.ChromeDriver
Command: [b2cf19b3c03010a389f11a367e9b120e, clickElement {id=f.DCEF86560FEB17D199ACA22DD992236C.d.3D84838F16F11171A4897ACCC72CF65C.e.77}]
Capabilities {acceptInsecureCerts: false, browserName: chrome, browserVersion: 141.0.7390.123, chrome: {chromedriverVersion: 141.0.7390.122 (b477534e7e1..., userDataDir: C:\WINDOWS\SystemTemp\scope...}, fedcm:accounts: true, goog:chromeOptions: {debuggerAddress: localhost:59244}, networkConnectionEnabled: false, pageLoadStrategy: normal, platformName: windows, proxy: Proxy(), se:cdp: ws://localhost:59244/devtoo..., se:cdpVersion: 141.0.7390.123, setWindowRect: true, strictFileInteractability: false, timeouts: {implicit: 0, pageLoad: 300000, script: 30000}, unhandledPromptBehavior: dismiss and notify, webauthn:extension:credBlob: true, webauthn:extension:largeBlob: true, webauthn:extension:minPinLength: true, webauthn:extension:prf: true, webauthn:virtualAuthenticators: true}
Element: [[ChromeDriver: chrome on windows (b2cf19b3c03010a389f11a367e9b120e)] -&amp;gt; xpath: //button[normalize-space()=&amp;apos;Save&amp;apos;]]
Session ID: b2cf19b3c03010a389f11a367e9b120e">
      <![CDATA[org.openqa.selenium.ElementClickInterceptedException: element click intercepted: Element <button data-v-10d463b7="" data-v-304890b0="" type="submit" class="oxd-button oxd-button--medium oxd-button--secondary orangehrm-left-space">...</button> is not clickable at point (891, 515). Other element would receive the click: <div data-v-d5bfe35b="" class="oxd-form-loader">...</div>
  (Session info: chrome=141.0.7390.123)
Build info: version: '4.27.0', revision: 'd6e718d134'
System info: os.name: 'Windows 11', os.arch: 'amd64', os.version: '10.0', java.version: '21.0.7'
Driver info: org.openqa.selenium.chrome.ChromeDriver
Command: [b2cf19b3c03010a389f11a367e9b120e, clickElement {id=f.DCEF86560FEB17D199ACA22DD992236C.d.3D84838F16F11171A4897ACCC72CF65C.e.77}]
Capabilities {acceptInsecureCerts: false, browserName: chrome, browserVersion: 141.0.7390.123, chrome: {chromedriverVersion: 141.0.7390.122 (b477534e7e1..., userDataDir: C:\WINDOWS\SystemTemp\scope...}, fedcm:accounts: true, goog:chromeOptions: {debuggerAddress: localhost:59244}, networkConnectionEnabled: false, pageLoadStrategy: normal, platformName: windows, proxy: Proxy(), se:cdp: ws://localhost:59244/devtoo..., se:cdpVersion: 141.0.7390.123, setWindowRect: true, strictFileInteractability: false, timeouts: {implicit: 0, pageLoad: 300000, script: 30000}, unhandledPromptBehavior: dismiss and notify, webauthn:extension:credBlob: true, webauthn:extension:largeBlob: true, webauthn:extension:minPinLength: true, webauthn:extension:prf: true, webauthn:virtualAuthenticators: true}
Element: [[ChromeDriver: chrome on windows (b2cf19b3c03010a389f11a367e9b120e)] -> xpath: //button[normalize-space()='Save']]
Session ID: b2cf19b3c03010a389f11a367e9b120e
at org.openqa.selenium.remote.ErrorCodec.decode(ErrorCodec.java:167)
at org.openqa.selenium.remote.codec.w3c.W3CHttpResponseCodec.decode(W3CHttpResponseCodec.java:138)
at org.openqa.selenium.remote.codec.w3c.W3CHttpResponseCodec.decode(W3CHttpResponseCodec.java:50)
at org.openqa.selenium.remote.HttpCommandExecutor.execute(HttpCommandExecutor.java:190)
at org.openqa.selenium.remote.service.DriverCommandExecutor.invokeExecute(DriverCommandExecutor.java:216)
at org.openqa.selenium.remote.service.DriverCommandExecutor.execute(DriverCommandExecutor.java:174)
at org.openqa.selenium.remote.RemoteWebDriver.execute(RemoteWebDriver.java:545)
at org.openqa.selenium.remote.RemoteWebElement.execute(RemoteWebElement.java:223)
at org.openqa.selenium.remote.RemoteWebElement.click(RemoteWebElement.java:76)
at Pages.P03_AddEmployee.clickingSaveButton(P03_AddEmployee.java:63)
at TCs.TC03_AddEmployee.verifyUserCanAddEmployeeSuccessfully(TC03_AddEmployee.java:28)
at java.base/java.util.ArrayList.forEach(ArrayList.java:1596)
... Removed 33 stack frames]]>
    </failure>
  </testcase> <!-- verifyUserCanAddEmployeeSuccessfully -->
  <testcase classname="TCs.TC01_LoginOrangehrm" name="LoginWithInvailedcredentials_N" time="0.0">
    <ignored/>
  </testcase> <!-- LoginWithInvailedcredentials_N -->
  <testcase classname="TCs.TC01_LoginOrangehrm" name="LoginWithInvailedUserName_N" time="0.0">
    <ignored/>
  </testcase> <!-- LoginWithInvailedUserName_N -->
  <testcase classname="TCs.TC01_LoginOrangehrm" name="LoginWithInvailedPassword_N" time="0.0">
    <ignored/>
  </testcase> <!-- LoginWithInvailedPassword_N -->
  <testcase classname="TCs.testbase" name="@BeforeSuite beforeSuite" time="0.0">
    <ignored/>
  </testcase> <!-- @BeforeSuite beforeSuite -->
  <testcase classname="TCs.testbase" name="@BeforeTest setup_driver" time="0.0">
    <ignored/>
  </testcase> <!-- @BeforeTest setup_driver -->
  <testcase classname="TCs.testbase" name="@AfterSuite afterSuite" time="0.0">
    <ignored/>
  </testcase> <!-- @AfterSuite afterSuite -->
  <testcase classname="TCs.testbase" name="@AfterTest tearDown_driver" time="0.0">
    <ignored/>
  </testcase> <!-- @AfterTest tearDown_driver -->
</testsuite> <!-- Check positive seniors For Adding  -->
